750
0 44
458 858
707
118 291
3
387
138 128
594
51 270
723
499
227 405
408 492
950
129 386
299
422 438
12 131
479
50
93 99
30 137
67 285
31 264
165 455
545 350
657 64
995 49
779
23
567
596
171 338
48
160 740
468
202
150 117
70
154
483
109
820
69 36
96 758
155 257
193
773 27
81
450
228
87
211
18 37
412
102 236
320
409 162
462
383 190
35
358
233
25
481 789
982 744
26 345
125
951
570
241
218 54
275
34
175 330
787
273 417
708
153 344
105 80
470 198
415 242
113
287
372 449
761
22
775
401 226
256 8
229
576
62
4
167
799
265
271 53
516
47 797
217
127
20 414
111
423
756
146 341
231 580
622 46
712
188 534
716 204
800 726
768
145
76 321
101 525
579 57
278
219
288 94
89
300
156 10
421
238 91
40 169
181
66 97
457
267
692
765 447
840 108
969
436
196
100
74
368 388
286
78
249 717
592
14
13
606
230
497
200 262
661 336
281
335 52
121
201
572 304
394 620
327 116
225
179
134 808
813 359
876 126
504
166
71 861
195 161
805 392
216
115 475
208
38
735 269
164
152 624
311
133 410
63
505
302
28
1
2 15
811
721 469
670 912
11
511 339
695 586
378
432 710
178
279
413 224
305
56
19
114 259
509
557
573 221
313
402 65
921
88 428
199 72
385 297
407 737
494 585
352
461 207
334
119 253
203
21
860
5
434 55
617 615
489
7
614
176
949 59
234 6
668 32
68 85
975
709 214
142
75
616
755
184
9
60
197
581 885
284
42
104 95
317
149
532
630 157
846 558
939
526
90
84 660
24
260
92
250 454
847 263
443 705
391
796 957
644
309
536
147 437
960 582
559
477
331 130
33
348
439
103
294
517 751
935
112
132
276
123 806
913
353 182
746
106
16
73
743
364
61 825
240
82 163
771
560
144 237
425
41
433
605
964
591
513 244
488
301
272
609 832
507
430
333
612 788
990 191
174
704
77
124 151
482 466
381
848
83
619 310
962
246 965
553 562
608 158
283
637 577
251
663
480
222
514
869
355 947
815
254
277
243 676
29
769 168
610
141
994
474 862
471 403
255
247
578 215
566 79
17
991 58
312
803
451
745
98
140
664 894
347
329
376 185
817 662
551
399 697
851
107
173 307
189
373 363
325
638
937 977
393
328
571 524
856 528
349
814 324
936
636 280
187
550
139
653 928
728
533
742
406
210
245
148
411
503 248
495 289
205
172 143
377
781 337
424 365
43
110
801 206
45
478 183
736
316
889
120
235
519
720 464
522 857
209
777
812
629
543 252
435
268
677
802
575
970
39
135
323
923
556
212
315
136
296
326
429
314
342
360
473
295 86
552 382
463
444 498
795 866
597
213
292
544 993
574
508
539
625 318
521 892
770 290
997
367
873 487
652
645
569
459 490
924
261
472
223 180
303
282
404
370
159
308
618 266
555
293
400
232
389
816 760
821
589 598
354
332
416
398 343
584
501 752
632 631
379
493
826
356
933
583 418
899
239
371 366
718
441
442
375 681
853 452
600 793
220
319
258
688
715 529
759 595
485
177
835 628
446
298
754
603 390
496 510
838 607
837 686
672
834 689
502
623
397
588
973 306
703 535
563 465
518 564
440
719
384 643
675 568
926
500
647
561
192
565
732
750 512
453
361
778
340
604
713
427 901
785
122
538
542 633
855
357
351
491
626
893
170
486
369
953 426
911 484
880
922
729
897 818
396
448
682
274
420
683 547
611
741
649
527 666
648
702
888
706
836
346
540
549
654
460
784
546
395 673
650
554
186
757
659 599
829
878
852
587 698
678
747
621
520
867
767
445 774
841 868
903 665
690
467
194
548 684
978
722
694
456
590 871
929 635
738
996 674
714 696
641
992
506
537 634
658
667
691
830
322 961
431
790
362
988 711
671
701 884
891 930
918 882
974 763
669
865
679
819
791
687
380
530
627
849
602
680
881 915
896
872 749
804
731 762
827
419 651
919 898
980 476
613
727
693
656
987
824 883
685 794
831
833 523
963
753 828
887
724
725
907
739
920 916
639
986
792
859
699 956
972
655
374
786
839
733
515
850
601 700
541
942
823
844
905
640
877
879 941
776
531
870
904 782
810 783
807
945 984
809
967 798
900
593
642
863
917
874
646
766
890
843
822
730
934 979
925
938
910 902
734
927 958
772
748
906
845
875
952 968
983
966
764
955
780
842
954
886
854
864
932 981
908
946 909
895
944
914
959
931
971
940 943
948
976
985 999
989
998